<?xml version="1.0" encoding="UTF-8"?><testrun name="product-service" project="product-service" tests="1" started="0" failures="0" errors="1" ignored="0">
  <testsuite name="com.nerfballer.product.service.ProductServiceApplicationTests" incomplete="true" displayname="ProductServiceApplicationTests" uniqueid="[engine:junit-jupiter]/[class:com.nerfballer.product.service.ProductServiceApplicationTests]">
    <error>java.lang.IllegalStateException: Could not find a valid Docker environment. Please see logs and check configuration&#13;
	at org.testcontainers.dockerclient.DockerClientProviderStrategy.lambda$getFirstValidStrategy$7(DockerClientProviderStrategy.java:277)&#13;
	at java.base/java.util.Optional.orElseThrow(Optional.java:403)&#13;
	at org.testcontainers.dockerclient.DockerClientProviderStrategy.getFirstValidStrategy(DockerClientProviderStrategy.java:268)&#13;
	at org.testcontainers.DockerClientFactory.getOrInitializeStrategy(DockerClientFactory.java:152)&#13;
	at org.testcontainers.DockerClientFactory.client(DockerClientFactory.java:194)&#13;
	at org.testcontainers.DockerClientFactory$1.getDockerClient(DockerClientFactory.java:106)&#13;
	at com.github.dockerjava.api.DockerClientDelegate.authConfig(DockerClientDelegate.java:109)&#13;
	at org.testcontainers.containers.GenericContainer.start(GenericContainer.java:332)&#13;
	at org.testcontainers.junit.jupiter.TestcontainersExtension$StoreAdapter.start(TestcontainersExtension.java:280)&#13;
	at org.testcontainers.junit.jupiter.TestcontainersExtension$StoreAdapter.access$200(TestcontainersExtension.java:267)&#13;
	at org.testcontainers.junit.jupiter.TestcontainersExtension.lambda$null$4(TestcontainersExtension.java:82)&#13;
	at org.testcontainers.junit.jupiter.TestcontainersExtension.lambda$startContainers$5(TestcontainersExtension.java:82)&#13;
	at java.base/java.util.ArrayList.forEach(ArrayList.java:1596)&#13;
	at org.testcontainers.junit.jupiter.TestcontainersExtension.startContainers(TestcontainersExtension.java:82)&#13;
	at org.testcontainers.junit.jupiter.TestcontainersExtension.beforeAll(TestcontainersExtension.java:56)&#13;
	at java.base/java.util.ArrayList.forEach(ArrayList.java:1596)&#13;
&#13;
</error>
    <testcase name="shouldCreateProduct" classname="com.nerfballer.product.service.ProductServiceApplicationTests" incomplete="true" displayname="shouldCreateProduct()" uniqueid="[engine:junit-jupiter]/[class:com.nerfballer.product.service.ProductServiceApplicationTests]/[method:shouldCreateProduct()]"/>
  </testsuite>
</testrun>
